\BOOKMARK [1][-]{section.1}{\376\377\000I\000n\000t\000r\000o\000d\000u\000\347\000\343\000o}{}% 1
\BOOKMARK [1][-]{section.2}{\376\377\000D\000e\000s\000e\000n\000v\000o\000l\000v\000i\000m\000e\000n\000t\000o}{}% 2
\BOOKMARK [2][-]{subsection.2.1}{\376\377\000M\000e\000t\000o\000d\000o\000l\000o\000g\000i\000a\000\040\000d\000e\000\040\000T\000r\000a\000b\000a\000l\000h\000o}{section.2}% 3
\BOOKMARK [2][-]{subsection.2.2}{\376\377\000S\000e\000p\000a\000r\000a\000\347\000\343\000o\000\040\000d\000e\000\040\000T\000a\000r\000e\000f\000a\000s}{section.2}% 4
\BOOKMARK [2][-]{subsection.2.3}{\376\377\000D\000e\000s\000e\000n\000h\000o\000\040\000d\000o\000\040\000P\000r\000o\000d\000u\000t\000o}{section.2}% 5
\BOOKMARK [2][-]{subsection.2.4}{\376\377\000F\000u\000n\000c\000i\000o\000n\000a\000l\000i\000d\000a\000d\000e\000s\000\040\000d\000o\000\040\000P\000r\000o\000d\000u\000t\000o}{section.2}% 6
\BOOKMARK [3][-]{subsubsection.2.4.1}{\376\377\000V\000a\000n\000t\000a\000g\000e\000n\000s\000\040\000d\000o\000\040\000P\000r\000o\000d\000u\000t\000o}{subsection.2.4}% 7
\BOOKMARK [3][-]{subsubsection.2.4.2}{\376\377\000D\000e\000s\000v\000a\000n\000t\000a\000g\000e\000n\000s\000\040\000d\000o\000\040\000P\000r\000o\000d\000u\000t\000o}{subsection.2.4}% 8
\BOOKMARK [2][-]{subsection.2.5}{\376\377\000M\000e\000r\000c\000a\000d\000o\000\040\000d\000o\000\040\000P\000r\000o\000d\000u\000t\000o}{section.2}% 9
\BOOKMARK [3][-]{subsubsection.2.5.1}{\376\377\000P\000\372\000b\000l\000i\000c\000o\000\040\000A\000l\000v\000o}{subsection.2.5}% 10
\BOOKMARK [3][-]{subsubsection.2.5.2}{\376\377\000D\000i\000m\000e\000n\000s\000\343\000o\000\040\000e\000\040\000P\000o\000t\000e\000n\000c\000i\000a\000l\000\040\000d\000o\000\040\000C\000r\000e\000s\000c\000i\000m\000e\000n\000t\000o}{subsection.2.5}% 11
\BOOKMARK [3][-]{subsubsection.2.5.3}{\376\377\000P\000o\000s\000s\000\355\000v\000e\000i\000s\000\040\000C\000o\000n\000c\000o\000r\000r\000e\000n\000t\000e\000s}{subsection.2.5}% 12
\BOOKMARK [2][-]{subsection.2.6}{\376\377\000M\000e\000i\000o\000\040\000E\000n\000v\000o\000l\000v\000e\000n\000t\000e}{section.2}% 13
\BOOKMARK [3][-]{subsubsection.2.6.1}{\376\377\000A\000m\000e\000a\000\347\000a\000s\000\040\000e\000\040\000O\000p\000o\000r\000t\000u\000n\000i\000d\000a\000d\000e\000s}{subsection.2.6}% 14
\BOOKMARK [3][-]{subsubsection.2.6.2}{\376\377\000C\000e\000n\000\341\000r\000i\000o\000s\000\040\000F\000u\000t\000u\000r\000o\000s\000\040\000e\000\040\000T\000e\000n\000d\000\352\000n\000c\000i\000a\000s}{subsection.2.6}% 15
\BOOKMARK [2][-]{subsection.2.7}{\376\377\000E\000x\000e\000q\000u\000i\000b\000i\000l\000i\000d\000a\000d\000e\000\040\000d\000o\000\040\000M\000a\000r\000k\000e\000t\000i\000n\000g}{section.2}% 16
\BOOKMARK [3][-]{subsubsection.2.7.1}{\376\377\000P\000o\000s\000i\000c\000i\000o\000n\000a\000m\000e\000n\000t\000o}{subsection.2.7}% 17
\BOOKMARK [3][-]{subsubsection.2.7.2}{\376\377\000M\000i\000x\000\040\000d\000e\000\040\000P\000r\000o\000d\000u\000t\000o}{subsection.2.7}% 18
\BOOKMARK [3][-]{subsubsection.2.7.3}{\376\377\000M\000i\000x\000\040\000d\000e\000\040\000P\000r\000e\000\347\000o}{subsection.2.7}% 19
\BOOKMARK [3][-]{subsubsection.2.7.4}{\376\377\000M\000i\000x\000\040\000d\000e\000\040\000C\000a\000n\000a\000i\000s\000\040\000d\000e\000\040\000D\000i\000s\000t\000r\000i\000b\000u\000i\000\347\000\343\000o}{subsection.2.7}% 20
\BOOKMARK [3][-]{subsubsection.2.7.5}{\376\377\000M\000i\000x\000\040\000d\000e\000\040\000C\000o\000m\000u\000n\000i\000c\000a\000\347\000\343\000o}{subsection.2.7}% 21
\BOOKMARK [3][-]{subsubsection.2.7.6}{\376\377\000P\000r\000e\000v\000i\000s\000\343\000o\000\040\000d\000e\000\040\000V\000e\000n\000d\000a\000s}{subsection.2.7}% 22
\BOOKMARK [2][-]{subsection.2.8}{\376\377\000E\000x\000e\000q\000u\000i\000b\000i\000l\000i\000d\000a\000d\000e\000\040\000d\000a\000s\000\040\000O\000p\000e\000r\000a\000\347\000\365\000e\000s}{section.2}% 23
\BOOKMARK [3][-]{subsubsection.2.8.1}{\376\377\000P\000r\000o\000c\000e\000s\000s\000o\000\040\000e\000\040\000C\000a\000p\000a\000c\000i\000d\000a\000d\000e}{subsection.2.8}% 24
\BOOKMARK [3][-]{subsubsection.2.8.2}{\376\377\000R\000e\000c\000u\000r\000s\000o\000s\000\040\000H\000u\000m\000a\000n\000o\000s}{subsection.2.8}% 25
\BOOKMARK [3][-]{subsubsection.2.8.3}{\376\377\000L\000o\000c\000a\000l\000i\000z\000a\000\347\000\343\000o\000\040\000d\000a\000s\000\040\000I\000n\000s\000t\000a\000l\000a\000\347\000\365\000e\000s}{subsection.2.8}% 26
\BOOKMARK [3][-]{subsubsection.2.8.4}{\376\377\000F\000a\000s\000e\000s\000\040\000d\000e\000\040\000M\000o\000n\000t\000a\000g\000e\000m}{subsection.2.8}% 27
\BOOKMARK [2][-]{subsection.2.9}{\376\377\000I\000m\000p\000a\000c\000t\000o\000\040\000S\000o\000c\000i\000o\000e\000c\000o\000n\000\363\000m\000i\000c\000o}{section.2}% 28
\BOOKMARK [3][-]{subsubsection.2.9.1}{\376\377\000E\000m\000p\000r\000e\000g\000o\000\040\000Q\000u\000a\000l\000i\000f\000i\000c\000a\000d\000o}{subsection.2.9}% 29
\BOOKMARK [3][-]{subsubsection.2.9.2}{\376\377\000P\000a\000r\000c\000e\000r\000i\000a\000s\000\040\000T\000e\000c\000n\000o\000l\000o\000g\000i\000c\000a\000s}{subsection.2.9}% 30
\BOOKMARK [3][-]{subsubsection.2.9.3}{\376\377\000S\000i\000n\000e\000r\000g\000i\000a\000s\000\040\000c\000o\000m\000\040\000O\000u\000t\000r\000a\000s\000\040\000A\000t\000i\000v\000i\000d\000a\000d\000e\000s}{subsection.2.9}% 31
\BOOKMARK [3][-]{subsubsection.2.9.4}{\376\377\000P\000o\000t\000e\000n\000c\000i\000a\000l\000\040\000d\000e\000\040\000C\000r\000e\000s\000c\000i\000m\000e\000n\000t\000o}{subsection.2.9}% 32
\BOOKMARK [2][-]{subsection.2.10}{\376\377\000E\000q\000u\000i\000p\000a\000\040\000d\000e\000\040\000P\000r\000o\000j\000e\000t\000o}{section.2}% 33
\BOOKMARK [1][-]{section.3}{\376\377\000C\000o\000n\000c\000l\000u\000s\000\343\000o}{}% 34
\BOOKMARK [1][-]{section.3}{\376\377\000B\000i\000b\000l\000i\000o\000g\000r\000a\000f\000i\000a}{}% 35
